Primer numero de la columna <0> : 2
   0+2 -- 0+4
   0+4 -- 0+5
   0+5 -- 0+3
   0+3 -- 0+4
Numero mas Factible: 2
Suma acumulada: 2

Primer numero de la columna <1> : 8
   2+8 -- 2+4
   → Hay un camino mas Factible: 4
   2+4 -- 2+1
   → Hay un camino mas Factible: 1
   2+1 -- 2+2
   2+2 -- 2+2
Numero mas Factible: 1
Suma acumulada: 3

Primer numero de la columna <2> : 9
   3+9 -- 3+6
   → Hay un camino mas Factible: 6
   3+6 -- 3+4
   → Hay un camino mas Factible: 4
   3+4 -- 3+5
   3+5 -- 3+3
   → Hay un camino mas Factible: 3
Numero mas Factible: 3
Suma acumulada: 6

Primer numero de la columna <3> : 5
   6+5 -- 6+2
   → Hay un camino mas Factible: 2
   6+2 -- 6+6
   6+6 -- 6+4
   6+4 -- 6+3
Numero mas Factible: 2
Suma acumulada: 8

Primer numero de la columna <4> : 8
   8+8 -- 8+3
   → Hay un camino mas Factible: 3
   8+3 -- 8+1
   → Hay un camino mas Factible: 1
   8+1 -- 8+8
   8+8 -- 8+2
Numero mas Factible: 1
Suma acumulada: 9

Primer numero de la columna <5> : 1
   9+1 -- 9+3
   9+3 -- 9+5
   9+5 -- 9+2
   9+2 -- 9+3
Numero mas Factible: 1
Suma acumulada: 10

Matriz de entrada:
 ____________
|2 8 9 5 8 1|
|4 4 6 2 3 3|
|5 1 4 6 1 5|
|3 2 5 4 8 2|
|4 2 3 3 2 3|
Solución Greedy: [2],[1],[3],[2],[1],[1]
